2024-05-22T11:39:03.893+02:00  INFO 19116 --- [price-api-impl] [main] .d.p.t.a.i.a.PriceServiceIntegrationTest : Starting PriceServiceIntegrationTest using Java 17.0.7 with PID 19116 (started by davir in D:\projects\java\inditex\price-api-impl)
2024-05-22T11:39:03.894+02:00 DEBUG 19116 --- [price-api-impl] [main] .d.p.t.a.i.a.PriceServiceIntegrationTest : Running with Spring Boot v3.2.5, Spring v6.1.6
2024-05-22T11:39:03.895+02:00  INFO 19116 --- [price-api-impl] [main] .d.p.t.a.i.a.PriceServiceIntegrationTest : The following 1 profile is active: "test"
2024-05-22T11:39:03.916+02:00 DEBUG 19116 --- [price-api-impl] [main] o.s.w.c.s.GenericWebApplicationContext   : Refreshing org.springframework.web.context.support.GenericWebApplicationContext@6b739528
2024-05-22T11:39:04.902+02:00  INFO 19116 --- [price-api-impl] [main] .s.d.r.c.RepositoryConfigurationDelegate : Bootstrapping Spring Data JPA repositories in DEFAULT mode.
2024-05-22T11:39:04.969+02:00  INFO 19116 --- [price-api-impl] [main] .s.d.r.c.RepositoryConfigurationDelegate : Finished Spring Data repository scanning in 54 ms. Found 1 JPA repository interface.
2024-05-22T11:39:05.518+02:00  INFO 19116 --- [price-api-impl] [main] com.zaxxer.hikari.HikariDataSource       : HikariPool-1 - Starting...
2024-05-22T11:39:05.769+02:00  INFO 19116 --- [price-api-impl] [main] com.zaxxer.hikari.pool.HikariPool        : HikariPool-1 - Added connection conn0: url=jdbc:h2:mem:testdb user=SA
2024-05-22T11:39:05.773+02:00  INFO 19116 --- [price-api-impl] [main] com.zaxxer.hikari.HikariDataSource       : HikariPool-1 - Start completed.
2024-05-22T11:39:05.840+02:00  INFO 19116 --- [price-api-impl] [main] o.hibernate.jpa.internal.util.LogHelper  : HHH000204: Processing PersistenceUnitInfo [name: default]
2024-05-22T11:39:05.912+02:00  INFO 19116 --- [price-api-impl] [main] org.hibernate.Version                    : HHH000412: Hibernate ORM core version 6.4.4.Final
2024-05-22T11:39:05.949+02:00  INFO 19116 --- [price-api-impl] [main] o.h.c.internal.RegionFactoryInitiator    : HHH000026: Second-level cache disabled
2024-05-22T11:39:06.288+02:00  INFO 19116 --- [price-api-impl] [main] o.s.o.j.p.SpringPersistenceUnitInfo      : No LoadTimeWeaver setup: ignoring JPA class transformer
2024-05-22T11:39:07.027+02:00  INFO 19116 --- [price-api-impl] [main] o.h.e.t.j.p.i.JtaPlatformInitiator       : HHH000489: No JTA platform available (set 'hibernate.transaction.jta.platform' to enable JTA platform integration)
2024-05-22T11:39:07.053+02:00  INFO 19116 --- [price-api-impl] [main] j.LocalContainerEntityManagerFactoryBean : Initialized JPA EntityManagerFactory for persistence unit 'default'
2024-05-22T11:39:07.336+02:00  INFO 19116 --- [price-api-impl] [main] o.s.d.j.r.query.QueryEnhancerFactory     : Hibernate is in classpath; If applicable, HQL parser will be used.
2024-05-22T11:39:07.987+02:00  WARN 19116 --- [price-api-impl] [main] JpaBaseConfiguration$JpaWebConfiguration : spring.jpa.open-in-view is enabled by default. Therefore, database queries may be performed during view rendering. Explicitly configure spring.jpa.open-in-view to disable this warning
2024-05-22T11:39:08.077+02:00  INFO 19116 --- [price-api-impl] [main] o.s.b.a.h2.H2ConsoleAutoConfiguration    : H2 console available at '/h2-console'. Database available at 'jdbc:h2:mem:testdb'
2024-05-22T11:39:08.135+02:00 DEBUG 19116 --- [price-api-impl] [main] s.w.s.m.m.a.RequestMappingHandlerMapping : 7 mappings in 'requestMappingHandlerMapping'
2024-05-22T11:39:08.475+02:00 DEBUG 19116 --- [price-api-impl] [main] o.s.w.s.handler.SimpleUrlHandlerMapping  : Patterns [/webjars/**, /**] in 'resourceHandlerMapping'
2024-05-22T11:39:08.531+02:00 DEBUG 19116 --- [price-api-impl] [main] s.w.s.m.m.a.RequestMappingHandlerAdapter : ControllerAdvice beans: 0 @ModelAttribute, 0 @InitBinder, 1 RequestBodyAdvice, 1 ResponseBodyAdvice
2024-05-22T11:39:08.582+02:00 DEBUG 19116 --- [price-api-impl] [main] .m.m.a.ExceptionHandlerExceptionResolver : ControllerAdvice beans: 1 @ExceptionHandler, 1 ResponseBodyAdvice
2024-05-22T11:39:08.815+02:00  INFO 19116 --- [price-api-impl] [main] o.s.b.t.m.w.SpringBootMockServletContext : Initializing Spring TestDispatcherServlet ''
2024-05-22T11:39:08.816+02:00  INFO 19116 --- [price-api-impl] [main] o.s.t.web.servlet.TestDispatcherServlet  : Initializing Servlet ''
2024-05-22T11:39:08.818+02:00  INFO 19116 --- [price-api-impl] [main] o.s.t.web.servlet.TestDispatcherServlet  : Completed initialization in 2 ms
2024-05-22T11:39:09.084+02:00  INFO 19116 --- [price-api-impl] [main] .d.p.t.a.i.a.PriceServiceIntegrationTest : Started PriceServiceIntegrationTest in 5.574 seconds (process running for 6.492)
2024-05-22T11:39:09.696+02:00 DEBUG 19116 --- [price-api-impl] [main] s.w.s.m.m.a.RequestMappingHandlerMapping : Mapped to com.davirguezc.price.test.api.impl.interfaces.PriceController#getPrice(LocalDateTime, String, String)
2024-05-22T11:39:09.842+02:00 DEBUG 19116 --- [price-api-impl] [main] o.s.w.s.m.m.a.HttpEntityMethodProcessor  : Using 'application/json', given [*/*] and supported [application/json]
2024-05-22T11:39:09.856+02:00 DEBUG 19116 --- [price-api-impl] [main] o.s.w.s.m.m.a.HttpEntityMethodProcessor  : Writing [class PriceDetail {<EOL>    productId: 35455<EOL>    brandId: 1<EOL>    priceList: 4<EOL>    startDate: 2020-06-15T1 (truncated)...]
2024-05-22T11:39:09.929+02:00 DEBUG 19116 --- [price-api-impl] [main] s.w.s.m.m.a.RequestMappingHandlerMapping : Mapped to com.davirguezc.price.test.api.impl.interfaces.PriceController#getPrice(LocalDateTime, String, String)
2024-05-22T11:39:09.933+02:00 DEBUG 19116 --- [price-api-impl] [main] o.s.w.s.m.m.a.HttpEntityMethodProcessor  : Using 'application/json', given [*/*] and supported [application/json]
2024-05-22T11:39:09.934+02:00 DEBUG 19116 --- [price-api-impl] [main] o.s.w.s.m.m.a.HttpEntityMethodProcessor  : Writing [class PriceDetail {<EOL>    productId: 35455<EOL>    brandId: 1<EOL>    priceList: 2<EOL>    startDate: 2020-06-14T1 (truncated)...]
2024-05-22T11:39:09.945+02:00 DEBUG 19116 --- [price-api-impl] [main] s.w.s.m.m.a.RequestMappingHandlerMapping : Mapped to com.davirguezc.price.test.api.impl.interfaces.PriceController#getPrice(LocalDateTime, String, String)
2024-05-22T11:39:09.950+02:00 DEBUG 19116 --- [price-api-impl] [main] o.s.w.s.m.m.a.HttpEntityMethodProcessor  : Using 'application/json', given [*/*] and supported [application/json]
2024-05-22T11:39:09.950+02:00 DEBUG 19116 --- [price-api-impl] [main] o.s.w.s.m.m.a.HttpEntityMethodProcessor  : Writing [class PriceDetail {<EOL>    productId: 35455<EOL>    brandId: 1<EOL>    priceList: 1<EOL>    startDate: 2020-06-14T0 (truncated)...]
2024-05-22T11:39:09.960+02:00 DEBUG 19116 --- [price-api-impl] [main] s.w.s.m.m.a.RequestMappingHandlerMapping : Mapped to com.davirguezc.price.test.api.impl.interfaces.PriceController#getPrice(LocalDateTime, String, String)
2024-05-22T11:39:09.962+02:00 DEBUG 19116 --- [price-api-impl] [main] o.s.w.s.m.m.a.HttpEntityMethodProcessor  : Using 'application/json', given [*/*] and supported [application/json]
2024-05-22T11:39:09.963+02:00 DEBUG 19116 --- [price-api-impl] [main] o.s.w.s.m.m.a.HttpEntityMethodProcessor  : Writing [class PriceDetail {<EOL>    productId: 35455<EOL>    brandId: 1<EOL>    priceList: 3<EOL>    startDate: 2020-06-15T0 (truncated)...]
2024-05-22T11:39:09.971+02:00 DEBUG 19116 --- [price-api-impl] [main] s.w.s.m.m.a.RequestMappingHandlerMapping : Mapped to com.davirguezc.price.test.api.impl.interfaces.PriceController#getPrice(LocalDateTime, String, String)
2024-05-22T11:39:09.976+02:00 DEBUG 19116 --- [price-api-impl] [main] o.s.w.s.m.m.a.HttpEntityMethodProcessor  : Using 'application/json', given [*/*] and supported [application/json]
2024-05-22T11:39:09.977+02:00 DEBUG 19116 --- [price-api-impl] [main] o.s.w.s.m.m.a.HttpEntityMethodProcessor  : Writing [class PriceDetail {<EOL>    productId: 35455<EOL>    brandId: 1<EOL>    priceList: 4<EOL>    startDate: 2020-06-15T1 (truncated)...]
2024-05-22T11:39:11.364+02:00  INFO 19116 --- [price-api-impl] [main] t.c.s.AnnotationConfigContextLoaderUtils : Could not detect default configuration classes for test class [com.davirguezc.price.test.api.impl.PriceApiImplApplicationTests]: PriceApiImplApplicationTests does not declare any static, non-private, non-final, nested classes annotated with @Configuration.
2024-05-22T11:39:11.686+02:00  INFO 19116 --- [price-api-impl] [main] .b.t.c.SpringBootTestContextBootstrapper : Found @SpringBootConfiguration com.davirguezc.price.test.api.impl.PriceApiImplApplication for test class com.davirguezc.price.test.api.impl.PriceApiImplApplicationTests
2024-05-22T11:39:11.810+02:00  INFO 19116 --- [price-api-impl] [main] c.d.p.t.a.i.PriceApiImplApplicationTests : Starting PriceApiImplApplicationTests using Java 17.0.7 with PID 19116 (started by davir in D:\projects\java\inditex\price-api-impl)
2024-05-22T11:39:12.119+02:00 DEBUG 19116 --- [price-api-impl] [main] c.d.p.t.a.i.PriceApiImplApplicationTests : Running with Spring Boot v3.2.5, Spring v6.1.6
2024-05-22T11:39:12.121+02:00  INFO 19116 --- [price-api-impl] [main] c.d.p.t.a.i.PriceApiImplApplicationTests : No active profile set, falling back to 1 default profile: "default"
2024-05-22T11:39:12.132+02:00 DEBUG 19116 --- [price-api-impl] [main] o.s.w.c.s.GenericWebApplicationContext   : Refreshing org.springframework.web.context.support.GenericWebApplicationContext@54e1e8a7
2024-05-22T11:39:12.676+02:00  INFO 19116 --- [price-api-impl] [main] .s.d.r.c.RepositoryConfigurationDelegate : Bootstrapping Spring Data JPA repositories in DEFAULT mode.
2024-05-22T11:39:12.690+02:00  INFO 19116 --- [price-api-impl] [main] .s.d.r.c.RepositoryConfigurationDelegate : Finished Spring Data repository scanning in 12 ms. Found 1 JPA repository interface.
2024-05-22T11:39:12.902+02:00  INFO 19116 --- [price-api-impl] [main] com.zaxxer.hikari.HikariDataSource       : HikariPool-2 - Starting...
2024-05-22T11:39:12.908+02:00  INFO 19116 --- [price-api-impl] [main] com.zaxxer.hikari.pool.HikariPool        : HikariPool-2 - Added connection conn10: url=jdbc:h2:mem:testdb user=SA
2024-05-22T11:39:12.910+02:00  INFO 19116 --- [price-api-impl] [main] com.zaxxer.hikari.HikariDataSource       : HikariPool-2 - Start completed.
2024-05-22T11:39:12.914+02:00  INFO 19116 --- [price-api-impl] [main] o.hibernate.jpa.internal.util.LogHelper  : HHH000204: Processing PersistenceUnitInfo [name: default]
2024-05-22T11:39:12.920+02:00  INFO 19116 --- [price-api-impl] [main] o.h.c.internal.RegionFactoryInitiator    : HHH000026: Second-level cache disabled
2024-05-22T11:39:12.932+02:00  INFO 19116 --- [price-api-impl] [main] o.s.o.j.p.SpringPersistenceUnitInfo      : No LoadTimeWeaver setup: ignoring JPA class transformer
2024-05-22T11:39:13.009+02:00  INFO 19116 --- [price-api-impl] [main] o.h.e.t.j.p.i.JtaPlatformInitiator       : HHH000489: No JTA platform available (set 'hibernate.transaction.jta.platform' to enable JTA platform integration)
2024-05-22T11:39:13.015+02:00  INFO 19116 --- [price-api-impl] [main] j.LocalContainerEntityManagerFactoryBean : Initialized JPA EntityManagerFactory for persistence unit 'default'
2024-05-22T11:39:13.349+02:00  WARN 19116 --- [price-api-impl] [main] JpaBaseConfiguration$JpaWebConfiguration : spring.jpa.open-in-view is enabled by default. Therefore, database queries may be performed during view rendering. Explicitly configure spring.jpa.open-in-view to disable this warning
2024-05-22T11:39:13.387+02:00  INFO 19116 --- [price-api-impl] [main] o.s.b.a.h2.H2ConsoleAutoConfiguration    : H2 console available at '/h2-console'. Database available at 'jdbc:h2:mem:testdb'
2024-05-22T11:39:13.404+02:00 DEBUG 19116 --- [price-api-impl] [main] s.w.s.m.m.a.RequestMappingHandlerMapping : 7 mappings in 'requestMappingHandlerMapping'
2024-05-22T11:39:13.529+02:00 DEBUG 19116 --- [price-api-impl] [main] o.s.w.s.handler.SimpleUrlHandlerMapping  : Patterns [/webjars/**, /**] in 'resourceHandlerMapping'
2024-05-22T11:39:13.550+02:00 DEBUG 19116 --- [price-api-impl] [main] s.w.s.m.m.a.RequestMappingHandlerAdapter : ControllerAdvice beans: 0 @ModelAttribute, 0 @InitBinder, 1 RequestBodyAdvice, 1 ResponseBodyAdvice
2024-05-22T11:39:13.563+02:00 DEBUG 19116 --- [price-api-impl] [main] .m.m.a.ExceptionHandlerExceptionResolver : ControllerAdvice beans: 1 @ExceptionHandler, 1 ResponseBodyAdvice
2024-05-22T11:39:13.698+02:00  INFO 19116 --- [price-api-impl] [main] c.d.p.t.a.i.PriceApiImplApplicationTests : Started PriceApiImplApplicationTests in 2.003 seconds (process running for 11.107)
2024-05-22T11:39:13.728+02:00 DEBUG 19116 --- [price-api-impl] [SpringApplicationShutdownHook] o.s.w.c.s.GenericWebApplicationContext   : Closing org.springframework.web.context.support.GenericWebApplicationContext@6b739528, started on Wed May 22 11:39:03 CEST 2024
2024-05-22T11:39:13.734+02:00  INFO 19116 --- [price-api-impl] [SpringApplicationShutdownHook] j.LocalContainerEntityManagerFactoryBean : Closing JPA EntityManagerFactory for persistence unit 'default'
2024-05-22T11:39:13.741+02:00  INFO 19116 --- [price-api-impl] [SpringApplicationShutdownHook] com.zaxxer.hikari.HikariDataSource       : HikariPool-1 - Shutdown initiated...
2024-05-22T11:39:13.747+02:00  INFO 19116 --- [price-api-impl] [SpringApplicationShutdownHook] com.zaxxer.hikari.HikariDataSource       : HikariPool-1 - Shutdown completed.
2024-05-22T11:39:13.750+02:00 DEBUG 19116 --- [price-api-impl] [SpringApplicationShutdownHook] o.s.w.c.s.GenericWebApplicationContext   : Closing org.springframework.web.context.support.GenericWebApplicationContext@54e1e8a7, started on Wed May 22 11:39:12 CEST 2024
2024-05-22T11:39:13.755+02:00  INFO 19116 --- [price-api-impl] [SpringApplicationShutdownHook] j.LocalContainerEntityManagerFactoryBean : Closing JPA EntityManagerFactory for persistence unit 'default'
2024-05-22T11:39:13.756+02:00  INFO 19116 --- [price-api-impl] [SpringApplicationShutdownHook] com.zaxxer.hikari.HikariDataSource       : HikariPool-2 - Shutdown initiated...
2024-05-22T11:39:13.760+02:00  INFO 19116 --- [price-api-impl] [SpringApplicationShutdownHook] com.zaxxer.hikari.HikariDataSource       : HikariPool-2 - Shutdown completed.
